

 Parallel Execution: Process Information
 ==============================================================================
 Rank   Node Name                              NodeID   MyNodeRank  NodeMaster
    0   BAZIS-cn017                               0          0          0
    1   BAZIS-cn017                               0          1         -1
    2   BAZIS-cn017                               0          2         -1
    3   BAZIS-cn017                               0          3         -1
    4   BAZIS-cn017                               0          4         -1
    5   BAZIS-cn017                               0          5         -1
    6   BAZIS-cn017                               0          6         -1
    7   BAZIS-cn017                               0          7         -1
    8   BAZIS-cn017                               0          8         -1
    9   BAZIS-cn017                               0          9         -1
   10   BAZIS-cn017                               0         10         -1
   11   BAZIS-cn017                               0         11         -1
 ==============================================================================


May use up to 30771MB of RAM as shared memory on node 0


XC
    GGA BLYP
END

SCF
    iterations 250
END

EPRINT
    SFO Eig Ovl
END

ZLMFIT
    Quality normal
END

BECKEGRID
    Quality good
End

SYMMETRY C(4V)
CHARGE +3

REMOVEFRAGORBITALS
 1
  A1 69
 SUBEND

 2
  A1 15
 SUBEND
END

ATOMS
    1.Tl        0.000000    0.000000    0.000000 f=1
    2.C         0.000000    2.542413    0.000000 f=1
    3.O         0.000000    3.664823    0.000000 f=1
    4.C         0.000000    0.000000    2.542413 f=2
    5.O         0.000000    0.000000    3.664823 f=2
    6.C         0.000000   -2.542413    0.000000 f=1
    7.O         0.000000   -3.664823    0.000000 f=1
    8.C         0.000000    0.000000   -2.542413 f=1
    9.O         0.000000    0.000000   -3.664823 f=1
   10.C         2.542413    0.000000    0.000000 f=1
   11.O         3.664823    0.000000    0.000000 f=1
   12.C        -2.542413    0.000000    0.000000 f=1
   13.O        -3.664823    0.000000    0.000000 f=1
END

Fragments
1 /home/tcst25/advanced_comp_chemistry/exercise3/deel/2TlCO6/sp/sp_TlCO5.t21
2 /home/tcst25/advanced_comp_chemistry/exercise3/deel2/TlCO6/sp/sp_CO.t21
End
end input

 *******************************************************************************
 *                                                                             *
 *  -------------------------------------                                      *
 *   Amsterdam Density Functional  (ADF)         2017                          *
 *  -------------------------------------                                      *
 *                                               r58813 2017-04-12             *
 *                                                                             *
 *                                                                             *
 *                              =================                              *
 *                              |               |                              *
 *                              |     A D F     |                              *
 *                              |               |                              *
 *                              =================                              *
 *                                                                             *
 *                                                                             *
 *   Online information and documentation:  https://www.scm.com/support/       *
 *   E-mail:  support@scm.com   info@scm.com                                   *
 *                                                                             *
 *   Scientific publications using ADF results must be properly referenced     *
 *   See the User Manuals (or the web site) for recommended citations          *
 *   The terms and conditions of the End User License Agreement apply to       *
 *   the use of ADF, https://www.scm.com/license-terms/                        *
 *                                                                             *
 **********************  x86_64_linux_intel / intelmpi  ************************
 
 Licensed to: VU/FEW (+ SARA) / ALGEMEEN / Amsterdam / THE NETHERLANDS
 SCM User ID: u7668
  
 ADF 2017  RunTime: May22-2019 18:02:05  Nodes: 1  Procs: 12

 Temporary files are created in /local/datastore0/tcst25/191422/kid_0.qp2KtS


Communication costs MPI_COMM_WORLD:      3.900 usec per message,   0.0181 usec per 8-byte item
Communication costs for intra-node:      3.906 usec per message,   0.0177 usec per 8-byte item

 *** (NO TITLE) ***



 ===========================
 A T T A C H E D   F I L E S
 ===========================
  



 ===============================
 M O D E L   P A R A M E T E R S
 ===============================
  
 DENSITY FUNCTIONAL POTENTIAL (scf)
    LDA:                               Exchange only                           == Not Default ==
    Gradient Corrections:              Becke88 LYP                             == Not Default ==

 SPIN  (restricted / unrestr.)
    Molecule:                          Restricted                               
    Fragments:                         Restricted                               

 OTHER ASPECTS
    Relativistic Corrections:          ---                                      

    Nuclear Charge Density Model:      Point Charge Nuclei                      
    Core Treatment:                    Frozen Orbital(s)                        

    Hyperfine or Zeeman Interaction:   ---                                      

 ERROR: missing file /home/tcst25/advanced_comp_chemistry/exercise3/deel/2TlCO6/sp/sp_TlCO5.t21


 (KFERR) not (one or all) processes have the file
/home/tcst25/advanced_comp_chemistry/exercise3/deel/2TlCO6/sp/sp_TlCO5.t21

 iu:   1                              NONE%NONE                               /local/datastore0/tcst25/191422/kid_0.qp2KtS/TAPE21
 iu:   2                              NONE%NONE                               /local/datastore0/tcst25/191422/kid_0.qp2KtS/TAPE10
 iu:   3                              NONE%NONE                               /local/datastore0/tcst25/191422/kid_0.qp2KtS/TAPE14
 iu:   4                              NONE%NONE                               /local/datastore0/tcst25/191422/kid_0.qp2KtS/TAPE15
 iu:   5                              NONE%NONE                               /local/datastore0/tcst25/191422/kid_0.qp2KtS/RIHartreeFock

 *******************************************************************************

 ADF EXIT called
 not (one or all) processes have the file /home/tcst25/advanced_comp_chemistry/exercise3/deel/2TlCO6/sp/sp_TlCO5.t21

 *******************************************************************************
 *******************************************************************************

                             A D F   E X I T
 
 ============
 Timer stack:
 ------------
  1558540924.91  ADF                                                             
  1558540925.56  Geomet                                                          
  1558540925.56  geoinp                                                          
  1558540925.56  kfopflpp .../2TlCO6/sp/sp_TlCO5.t21                             
 ============

 not (one or all) processes have the file /home/tcst25/advanced_comp_chemistry/exercise3/deel/2TlCO6/sp/sp_TlCO5.t21


 Current Execution Stack has  3 elements
 Last to be Executed : ADF

 Stack of Active SubPrograms:
 ----------------------------
 GEOINP                        
 GEOMET                        
 ADF                           



 =================
 Timing Statistics
 =================
  
 Total Used :                     CPU=        0.47      System=        0.03     Elapsed=        0.50

 Calls  Section                     ( Mean, Percentage )
 ---------------------------------------------------------------------------------------------------
     2  ><      ................      0.00    0.00             0.00    0.00             0.00    0.00
     1  INIT    ................      0.46   98.29             0.02   85.71             0.49   97.00
     1  EXIT PROCEDURE .........      0.01    1.71             0.00   14.29             0.02    2.99


 Currently Open Files (EXIT00)
 ====================

 Unit    Access Format  Status   Type       Ident (file)
 -------------------------------------------------------
   3      SEQ    FORM   TRANSP  NORMAL      LOGFILE
                                          ( logfile )


 Buffered I/O statistics
 =======================
 Memory available:                     67108864
 Number of records fitting in memory:     16131
 Input :   0.7% of                          983  *4k bytes
 Output:  36.4% of                          118  *4k bytes
 Records from serial files evicted:           0
                    others evicted:           0
 Hash table lookups:       2602 with          0 conflicts (  0.00%)

 ***************************************************************************************************
 (LOGFILE)
 <May22-2019> <18:02:05>  ADF 2017  RunTime: May22-2019 18:02:05  Nodes: 1  Procs: 12
 <May22-2019> <18:02:05>  *** (NO TITLE) ***
 <May22-2019> <18:02:05>  RunType   : SINGLE POINT
 <May22-2019> <18:02:05>  /home/tcst25/advanced_comp_chemistry/exercise3/deel/2TlCO6/sp/sp_TlCO5.t21
 <May22-2019> <18:02:05>  ERROR DETECTED: not (one or all) processes have the file /home/tcst25/advanced_comp_chemistry/exercise3/deel/2TlCO6/sp/sp_TlCO5.t21
 <May22-2019> <18:02:05>  END
