application called MPI_Abort(MPI_COMM_WORLD, 666) - process 0
forrtl: error (69): process interrupted (SIGINT)
Image              PC                Routine            Line        Source             
adf.exe            0000000003E57ED1  Unknown               Unknown  Unknown
adf.exe            0000000003E56387  Unknown               Unknown  Unknown
adf.exe            0000000003DF1BD4  Unknown               Unknown  Unknown
adf.exe            0000000003DF19E6  Unknown               Unknown  Unknown
adf.exe            0000000003D996B6  Unknown               Unknown  Unknown
adf.exe            0000000003DA2157  Unknown               Unknown  Unknown
libpthread.so.0    0000003C9840F790  Unknown               Unknown  Unknown
libc.so.6          0000003C980ACA60  Unknown               Unknown  Unknown
libc.so.6          0000003C980AC8F0  Unknown               Unknown  Unknown
adf.exe            0000000002CAAF6C  Unknown               Unknown  Unknown
adf.exe            0000000002B18A04  Unknown               Unknown  Unknown
adf.exe            00000000007907B2  Unknown               Unknown  Unknown
adf.exe            0000000002ACF58A  Unknown               Unknown  Unknown
adf.exe            0000000002A8043F  Unknown               Unknown  Unknown
adf.exe            0000000003017840  Unknown               Unknown  Unknown
adf.exe            000000000307430B  Unknown               Unknown  Unknown
adf.exe            000000000093D7F6  Unknown               Unknown  Unknown
adf.exe            00000000004925C6  Unknown               Unknown  Unknown
adf.exe            000000000040894D  Unknown               Unknown  Unknown
adf.exe            000000000040883E  Unknown               Unknown  Unknown
libc.so.6          0000003C9801ED5D  Unknown               Unknown  Unknown
adf.exe            0000000000408749  Unknown               Unknown  Unknown
forrtl: error (69): process interrupted (SIGINT)
Image              PC                Routine            Line        Source             
adf.exe            0000000003E57ED1  Unknown               Unknown  Unknown
adf.exe            0000000003E56387  Unknown               Unknown  Unknown
adf.exe            0000000003DF1BD4  Unknown               Unknown  Unknown
adf.exe            0000000003DF19E6  Unknown               Unknown  Unknown
adf.exe            0000000003D996B6  Unknown               Unknown  Unknown
adf.exe            0000000003DA2157  Unknown               Unknown  Unknown
libpthread.so.0    0000003C9840F790  Unknown               Unknown  Unknown
libc.so.6          0000003C980ACA60  Unknown               Unknown  Unknown
libc.so.6          0000003C980AC8F0  Unknown               Unknown  Unknown
adf.exe            0000000002CAAF6C  Unknown               Unknown  Unknown
adf.exe            0000000002B18A04  Unknown               Unknown  Unknown
adf.exe            00000000007907B2  Unknown               Unknown  Unknown
adf.exe            0000000002ACF58A  Unknown               Unknown  Unknown
adf.exe            0000000002A8043F  Unknown               Unknown  Unknown
adf.exe            0000000003017840  Unknown               Unknown  Unknown
adf.exe            000000000307430B  Unknown               Unknown  Unknown
adf.exe            000000000093D7F6  Unknown               Unknown  Unknown
adf.exe            00000000004925C6  Unknown               Unknown  Unknown
adf.exe            000000000040894D  Unknown               Unknown  Unknown
adf.exe            000000000040883E  Unknown               Unknown  Unknown
libc.so.6          0000003C9801ED5D  Unknown               Unknown  Unknown
adf.exe            0000000000408749  Unknown               Unknown  Unknown
forrtl: error (69): process interrupted (SIGINT)
Image              PC                Routine            Line        Source             
adf.exe            0000000003E57ED1  Unknown               Unknown  Unknown
adf.exe            0000000003E56387  Unknown               Unknown  Unknown
adf.exe            0000000003DF1BD4  Unknown               Unknown  Unknown
adf.exe            0000000003DF19E6  Unknown               Unknown  Unknown
adf.exe            0000000003D996B6  Unknown               Unknown  Unknown
adf.exe            0000000003DA2157  Unknown               Unknown  Unknown
libpthread.so.0    0000003C9840F790  Unknown               Unknown  Unknown
libc.so.6          0000003C980ACA60  Unknown               Unknown  Unknown
libc.so.6          0000003C980AC8F0  Unknown               Unknown  Unknown
adf.exe            0000000002CAAF6C  Unknown               Unknown  Unknown
adf.exe            0000000002B18A04  Unknown               Unknown  Unknown
adf.exe            00000000007907B2  Unknown               Unknown  Unknown
adf.exe            0000000002ACF58A  Unknown               Unknown  Unknown
adf.exe            0000000002A8043F  Unknown               Unknown  Unknown
adf.exe            0000000003017840  Unknown               Unknown  Unknown
adf.exe            000000000307430B  Unknown               Unknown  Unknown
adf.exe            000000000093D7F6  Unknown               Unknown  Unknown
adf.exe            00000000004925C6  Unknown               Unknown  Unknown
adf.exe            000000000040894D  Unknown               Unknown  Unknown
adf.exe            000000000040883E  Unknown               Unknown  Unknown
libc.so.6          0000003C9801ED5D  Unknown               Unknown  Unknown
adf.exe            0000000000408749  Unknown               Unknown  Unknown
forrtl: error (69): process interrupted (SIGINT)
Image              PC                Routine            Line        Source             
adf.exe            0000000003E57ED1  Unknown               Unknown  Unknown
adf.exe            0000000003E56387  Unknown               Unknown  Unknown
adf.exe            0000000003DF1BD4  Unknown               Unknown  Unknown
adf.exe            0000000003DF19E6  Unknown               Unknown  Unknown
adf.exe            0000000003D996B6  Unknown               Unknown  Unknown
adf.exe            0000000003DA2157  Unknown               Unknown  Unknown
libpthread.so.0    0000003C9840F790  Unknown               Unknown  Unknown
libc.so.6          0000003C980ACA60  Unknown               Unknown  Unknown
libc.so.6          0000003C980AC8F0  Unknown               Unknown  Unknown
adf.exe            0000000002CAAF6C  Unknown               Unknown  Unknown
adf.exe            0000000002B18A04  Unknown               Unknown  Unknown
adf.exe            00000000007907B2  Unknown               Unknown  Unknown
adf.exe            0000000002ACF58A  Unknown               Unknown  Unknown
adf.exe            0000000002A8043F  Unknown               Unknown  Unknown
adf.exe            0000000003017840  Unknown               Unknown  Unknown
adf.exe            000000000307430B  Unknown               Unknown  Unknown
adf.exe            000000000093D7F6  Unknown               Unknown  Unknown
adf.exe            00000000004925C6  Unknown               Unknown  Unknown
adf.exe            000000000040894D  Unknown               Unknown  Unknown
adf.exe            000000000040883E  Unknown               Unknown  Unknown
libc.so.6          0000003C9801ED5D  Unknown               Unknown  Unknown
adf.exe            0000000000408749  Unknown               Unknown  Unknown
forrtl: error (69): process interrupted (SIGINT)
Image              PC                Routine            Line        Source             
adf.exe            0000000003E57ED1  Unknown               Unknown  Unknown
adf.exe            0000000003E56387  Unknown               Unknown  Unknown
adf.exe            0000000003DF1BD4  Unknown               Unknown  Unknown
adf.exe            0000000003DF19E6  Unknown               Unknown  Unknown
adf.exe            0000000003D996B6  Unknown               Unknown  Unknown
adf.exe            0000000003DA2157  Unknown               Unknown  Unknown
libpthread.so.0    0000003C9840F790  Unknown               Unknown  Unknown
libc.so.6          0000003C980ACA60  Unknown               Unknown  Unknown
libc.so.6          0000003C980AC8F0  Unknown               Unknown  Unknown
adf.exe            0000000002CAAF6C  Unknown               Unknown  Unknown
adf.exe            0000000002B18A04  Unknown               Unknown  Unknown
adf.exe            00000000007907B2  Unknown               Unknown  Unknown
adf.exe            0000000002ACF58A  Unknown               Unknown  Unknown
adf.exe            0000000002A8043F  Unknown               Unknown  Unknown
adf.exe            0000000003017840  Unknown               Unknown  Unknown
adf.exe            000000000307430B  Unknown               Unknown  Unknown
adf.exe            000000000093D7F6  Unknown               Unknown  Unknown
adf.exe            00000000004925C6  Unknown               Unknown  Unknown
adf.exe            000000000040894D  Unknown               Unknown  Unknown
adf.exe            000000000040883E  Unknown               Unknown  Unknown
libc.so.6          0000003C9801ED5D  Unknown               Unknown  Unknown
adf.exe            0000000000408749  Unknown               Unknown  Unknown
forrtl: error (69): process interrupted (SIGINT)
Image              PC                Routine            Line        Source             
adf.exe            0000000003E57ED1  Unknown               Unknown  Unknown
adf.exe            0000000003E56387  Unknown               Unknown  Unknown
adf.exe            0000000003DF1BD4  Unknown               Unknown  Unknown
adf.exe            0000000003DF19E6  Unknown               Unknown  Unknown
adf.exe            0000000003D996B6  Unknown               Unknown  Unknown
adf.exe            0000000003DA2157  Unknown               Unknown  Unknown
libpthread.so.0    0000003C9840F790  Unknown               Unknown  Unknown
libc.so.6          0000003C980ACA60  Unknown               Unknown  Unknown
libc.so.6          0000003C980AC8F0  Unknown               Unknown  Unknown
adf.exe            0000000002CAAF6C  Unknown               Unknown  Unknown
adf.exe            0000000002B18A04  Unknown               Unknown  Unknown
adf.exe            00000000007907B2  Unknown               Unknown  Unknown
adf.exe            0000000002ACF58A  Unknown               Unknown  Unknown
adf.exe            0000000002A8043F  Unknown               Unknown  Unknown
adf.exe            0000000003017840  Unknown               Unknown  Unknown
adf.exe            000000000307430B  Unknown               Unknown  Unknown
adf.exe            000000000093D7F6  Unknown               Unknown  Unknown
adf.exe            00000000004925C6  Unknown               Unknown  Unknown
adf.exe            000000000040894D  Unknown               Unknown  Unknown
adf.exe            000000000040883E  Unknown               Unknown  Unknown
libc.so.6          0000003C9801ED5D  Unknown               Unknown  Unknown
adf.exe            0000000000408749  Unknown               Unknown  Unknown
forrtl: error (69): process interrupted (SIGINT)
Image              PC                Routine            Line        Source             
adf.exe            0000000003E57ED1  Unknown               Unknown  Unknown
adf.exe            0000000003E56387  Unknown               Unknown  Unknown
adf.exe            0000000003DF1BD4  Unknown               Unknown  Unknown
adf.exe            0000000003DF19E6  Unknown               Unknown  Unknown
adf.exe            0000000003D996B6  Unknown               Unknown  Unknown
adf.exe            0000000003DA2157  Unknown               Unknown  Unknown
libpthread.so.0    0000003C9840F790  Unknown               Unknown  Unknown
libc.so.6          0000003C980ACA60  Unknown               Unknown  Unknown
libc.so.6          0000003C980AC8F0  Unknown               Unknown  Unknown
adf.exe            0000000002CAAF6C  Unknown               Unknown  Unknown
adf.exe            0000000002B18A04  Unknown               Unknown  Unknown
adf.exe            00000000007907B2  Unknown               Unknown  Unknown
adf.exe            0000000002ACF58A  Unknown               Unknown  Unknown
adf.exe            0000000002A8043F  Unknown               Unknown  Unknown
adf.exe            0000000003017840  Unknown               Unknown  Unknown
adf.exe            000000000307430B  Unknown               Unknown  Unknown
adf.exe            000000000093D7F6  Unknown               Unknown  Unknown
adf.exe            00000000004925C6  Unknown               Unknown  Unknown
adf.exe            000000000040894D  Unknown               Unknown  Unknown
adf.exe            000000000040883E  Unknown               Unknown  Unknown
libc.so.6          0000003C9801ED5D  Unknown               Unknown  Unknown
adf.exe            0000000000408749  Unknown               Unknown  Unknown
forrtl: error (69): process interrupted (SIGINT)
Image              PC                Routine            Line        Source             
adf.exe            0000000003E57ED1  Unknown               Unknown  Unknown
adf.exe            0000000003E56387  Unknown               Unknown  Unknown
adf.exe            0000000003DF1BD4  Unknown               Unknown  Unknown
adf.exe            0000000003DF19E6  Unknown               Unknown  Unknown
adf.exe            0000000003D996B6  Unknown               Unknown  Unknown
adf.exe            0000000003DA2157  Unknown               Unknown  Unknown
libpthread.so.0    0000003C9840F790  Unknown               Unknown  Unknown
libc.so.6          0000003C980ACA60  Unknown               Unknown  Unknown
libc.so.6          0000003C980AC8F0  Unknown               Unknown  Unknown
adf.exe            0000000002CAAF6C  Unknown               Unknown  Unknown
adf.exe            0000000002B18A04  Unknown               Unknown  Unknown
adf.exe            00000000007907B2  Unknown               Unknown  Unknown
adf.exe            0000000002ACF58A  Unknown               Unknown  Unknown
adf.exe            0000000002A8043F  Unknown               Unknown  Unknown
adf.exe            0000000003017840  Unknown               Unknown  Unknown
adf.exe            000000000307430B  Unknown               Unknown  Unknown
adf.exe            000000000093D7F6  Unknown               Unknown  Unknown
adf.exe            00000000004925C6  Unknown               Unknown  Unknown
adf.exe            000000000040894D  Unknown               Unknown  Unknown
adf.exe            000000000040883E  Unknown               Unknown  Unknown
libc.so.6          0000003C9801ED5D  Unknown               Unknown  Unknown
adf.exe            0000000000408749  Unknown               Unknown  Unknown
forrtl: error (69): process interrupted (SIGINT)
Image              PC                Routine            Line        Source             
adf.exe            0000000003E57ED1  Unknown               Unknown  Unknown
adf.exe            0000000003E56387  Unknown               Unknown  Unknown
adf.exe            0000000003DF1BD4  Unknown               Unknown  Unknown
adf.exe            0000000003DF19E6  Unknown               Unknown  Unknown
adf.exe            0000000003D996B6  Unknown               Unknown  Unknown
adf.exe            0000000003DA2157  Unknown               Unknown  Unknown
libpthread.so.0    0000003C9840F790  Unknown               Unknown  Unknown
libc.so.6          0000003C980ACA60  Unknown               Unknown  Unknown
libc.so.6          0000003C980AC8F0  Unknown               Unknown  Unknown
adf.exe            0000000002CAAF6C  Unknown               Unknown  Unknown
adf.exe            0000000002B18A04  Unknown               Unknown  Unknown
adf.exe            00000000007907B2  Unknown               Unknown  Unknown
adf.exe            0000000002ACF58A  Unknown               Unknown  Unknown
adf.exe            0000000002A8043F  Unknown               Unknown  Unknown
adf.exe            0000000003017840  Unknown               Unknown  Unknown
adf.exe            000000000307430B  Unknown               Unknown  Unknown
adf.exe            000000000093D7F6  Unknown               Unknown  Unknown
adf.exe            00000000004925C6  Unknown               Unknown  Unknown
adf.exe            000000000040894D  Unknown               Unknown  Unknown
adf.exe            000000000040883E  Unknown               Unknown  Unknown
libc.so.6          0000003C9801ED5D  Unknown               Unknown  Unknown
adf.exe            0000000000408749  Unknown               Unknown  Unknown
forrtl: error (69): process interrupted (SIGINT)
Image              PC                Routine            Line        Source             
adf.exe            0000000003E57ED1  Unknown               Unknown  Unknown
adf.exe            0000000003E56387  Unknown               Unknown  Unknown
adf.exe            0000000003DF1BD4  Unknown               Unknown  Unknown
adf.exe            0000000003DF19E6  Unknown               Unknown  Unknown
adf.exe            0000000003D996B6  Unknown               Unknown  Unknown
adf.exe            0000000003DA2157  Unknown               Unknown  Unknown
libpthread.so.0    0000003C9840F790  Unknown               Unknown  Unknown
libc.so.6          0000003C980ACA60  Unknown               Unknown  Unknown
libc.so.6          0000003C980AC8F0  Unknown               Unknown  Unknown
adf.exe            0000000002CAAF6C  Unknown               Unknown  Unknown
adf.exe            0000000002B18A04  Unknown               Unknown  Unknown
adf.exe            00000000007907B2  Unknown               Unknown  Unknown
adf.exe            0000000002ACF58A  Unknown               Unknown  Unknown
adf.exe            0000000002A8043F  Unknown               Unknown  Unknown
adf.exe            0000000003017840  Unknown               Unknown  Unknown
adf.exe            000000000307430B  Unknown               Unknown  Unknown
adf.exe            000000000093D7F6  Unknown               Unknown  Unknown
adf.exe            00000000004925C6  Unknown               Unknown  Unknown
adf.exe            000000000040894D  Unknown               Unknown  Unknown
adf.exe            000000000040883E  Unknown               Unknown  Unknown
libc.so.6          0000003C9801ED5D  Unknown               Unknown  Unknown
adf.exe            0000000000408749  Unknown               Unknown  Unknown
forrtl: error (69): process interrupted (SIGINT)
Image              PC                Routine            Line        Source             
adf.exe            0000000003E57ED1  Unknown               Unknown  Unknown
adf.exe            0000000003E56387  Unknown               Unknown  Unknown
adf.exe            0000000003DF1BD4  Unknown               Unknown  Unknown
adf.exe            0000000003DF19E6  Unknown               Unknown  Unknown
adf.exe            0000000003D996B6  Unknown               Unknown  Unknown
adf.exe            0000000003DA2157  Unknown               Unknown  Unknown
libpthread.so.0    0000003C9840F790  Unknown               Unknown  Unknown
libc.so.6          0000003C980ACA60  Unknown               Unknown  Unknown
libc.so.6          0000003C980AC8F0  Unknown               Unknown  Unknown
adf.exe            0000000002CAAF6C  Unknown               Unknown  Unknown
adf.exe            0000000002B18A04  Unknown               Unknown  Unknown
adf.exe            00000000007907B2  Unknown               Unknown  Unknown
adf.exe            0000000002ACF58A  Unknown               Unknown  Unknown
adf.exe            0000000002A8043F  Unknown               Unknown  Unknown
adf.exe            0000000003017840  Unknown               Unknown  Unknown
adf.exe            000000000307430B  Unknown               Unknown  Unknown
adf.exe            000000000093D7F6  Unknown               Unknown  Unknown
adf.exe            00000000004925C6  Unknown               Unknown  Unknown
adf.exe            000000000040894D  Unknown               Unknown  Unknown
adf.exe            000000000040883E  Unknown               Unknown  Unknown
libc.so.6          0000003C9801ED5D  Unknown               Unknown  Unknown
adf.exe            0000000000408749  Unknown               Unknown  Unknown
