application called MPI_Abort(MPI_COMM_WORLD, 666) - process 0
forrtl: error (69): process interrupted (SIGINT)
Image              PC                Routine            Line        Source             
adf.exe            0000000003E57ED1  Unknown               Unknown  Unknown
adf.exe            0000000003E56387  Unknown               Unknown  Unknown
adf.exe            0000000003DF1BD4  Unknown               Unknown  Unknown
adf.exe            0000000003DF19E6  Unknown               Unknown  Unknown
adf.exe            0000000003D996B6  Unknown               Unknown  Unknown
adf.exe            0000000003DA2157  Unknown               Unknown  Unknown
libpthread.so.0    000000372E40F790  Unknown               Unknown  Unknown
libc.so.6          000000372E0ACA60  Unknown               Unknown  Unknown
libc.so.6          000000372E0AC8F0  Unknown               Unknown  Unknown
adf.exe            0000000002CAAF6C  Unknown               Unknown  Unknown
adf.exe            0000000002B18A04  Unknown               Unknown  Unknown
adf.exe            00000000007907B2  Unknown               Unknown  Unknown
adf.exe            00000000015C9A26  Unknown               Unknown  Unknown
adf.exe            00000000007E7807  Unknown               Unknown  Unknown
adf.exe            00000000007DEDED  Unknown               Unknown  Unknown
adf.exe            00000000004C01F5  Unknown               Unknown  Unknown
adf.exe            0000000000408977  Unknown               Unknown  Unknown
adf.exe            000000000040883E  Unknown               Unknown  Unknown
libc.so.6          000000372E01ED5D  Unknown               Unknown  Unknown
adf.exe            0000000000408749  Unknown               Unknown  Unknown
forrtl: error (69): process interrupted (SIGINT)
Image              PC                Routine            Line        Source             
adf.exe            0000000003E57ED1  Unknown               Unknown  Unknown
adf.exe            0000000003E56387  Unknown               Unknown  Unknown
adf.exe            0000000003DF1BD4  Unknown               Unknown  Unknown
adf.exe            0000000003DF19E6  Unknown               Unknown  Unknown
adf.exe            0000000003D996B6  Unknown               Unknown  Unknown
adf.exe            0000000003DA2157  Unknown               Unknown  Unknown
libpthread.so.0    000000372E40F790  Unknown               Unknown  Unknown
libc.so.6          000000372E0ACA60  Unknown               Unknown  Unknown
libc.so.6          000000372E0AC8F0  Unknown               Unknown  Unknown
adf.exe            0000000002CAAF6C  Unknown               Unknown  Unknown
adf.exe            0000000002B18A04  Unknown               Unknown  Unknown
adf.exe            00000000007907B2  Unknown               Unknown  Unknown
adf.exe            00000000015C9A26  Unknown               Unknown  Unknown
adf.exe            00000000007E7807  Unknown               Unknown  Unknown
adf.exe            00000000007DEDED  Unknown               Unknown  Unknown
adf.exe            00000000004C01F5  Unknown               Unknown  Unknown
adf.exe            0000000000408977  Unknown               Unknown  Unknown
adf.exe            000000000040883E  Unknown               Unknown  Unknown
libc.so.6          000000372E01ED5D  Unknown               Unknown  Unknown
adf.exe            0000000000408749  Unknown               Unknown  Unknown
forrtl: error (69): process interrupted (SIGINT)
Image              PC                Routine            Line        Source             
adf.exe            0000000003E57ED1  Unknown               Unknown  Unknown
adf.exe            0000000003E56387  Unknown               Unknown  Unknown
adf.exe            0000000003DF1BD4  Unknown               Unknown  Unknown
adf.exe            0000000003DF19E6  Unknown               Unknown  Unknown
adf.exe            0000000003D996B6  Unknown               Unknown  Unknown
adf.exe            0000000003DA2157  Unknown               Unknown  Unknown
libpthread.so.0    000000372E40F790  Unknown               Unknown  Unknown
libc.so.6          000000372E0ACA60  Unknown               Unknown  Unknown
libc.so.6          000000372E0AC8F0  Unknown               Unknown  Unknown
adf.exe            0000000002CAAF6C  Unknown               Unknown  Unknown
adf.exe            0000000002B18A04  Unknown               Unknown  Unknown
adf.exe            00000000007907B2  Unknown               Unknown  Unknown
adf.exe            00000000015C9A26  Unknown               Unknown  Unknown
adf.exe            00000000007E7807  Unknown               Unknown  Unknown
adf.exe            00000000007DEDED  Unknown               Unknown  Unknown
adf.exe            00000000004C01F5  Unknown               Unknown  Unknown
adf.exe            0000000000408977  Unknown               Unknown  Unknown
adf.exe            000000000040883E  Unknown               Unknown  Unknown
libc.so.6          000000372E01ED5D  Unknown               Unknown  Unknown
adf.exe            0000000000408749  Unknown               Unknown  Unknown
forrtl: error (69): process interrupted (SIGINT)
Image              PC                Routine            Line        Source             
adf.exe            0000000003E57ED1  Unknown               Unknown  Unknown
adf.exe            0000000003E56387  Unknown               Unknown  Unknown
adf.exe            0000000003DF1BD4  Unknown               Unknown  Unknown
adf.exe            0000000003DF19E6  Unknown               Unknown  Unknown
adf.exe            0000000003D996B6  Unknown               Unknown  Unknown
adf.exe            0000000003DA2157  Unknown               Unknown  Unknown
libpthread.so.0    000000372E40F790  Unknown               Unknown  Unknown
libc.so.6          000000372E0ACA60  Unknown               Unknown  Unknown
libc.so.6          000000372E0AC8F0  Unknown               Unknown  Unknown
adf.exe            0000000002CAAF6C  Unknown               Unknown  Unknown
adf.exe            0000000002B18A04  Unknown               Unknown  Unknown
adf.exe            00000000007907B2  Unknown               Unknown  Unknown
adf.exe            00000000015C9A26  Unknown               Unknown  Unknown
adf.exe            00000000007E7807  Unknown               Unknown  Unknown
adf.exe            00000000007DEDED  Unknown               Unknown  Unknown
adf.exe            00000000004C01F5  Unknown               Unknown  Unknown
adf.exe            0000000000408977  Unknown               Unknown  Unknown
adf.exe            000000000040883E  Unknown               Unknown  Unknown
libc.so.6          000000372E01ED5D  Unknown               Unknown  Unknown
adf.exe            0000000000408749  Unknown               Unknown  Unknown
forrtl: error (69): process interrupted (SIGINT)
Image              PC                Routine            Line        Source             
adf.exe            0000000003E57ED1  Unknown               Unknown  Unknown
adf.exe            0000000003E56387  Unknown               Unknown  Unknown
adf.exe            0000000003DF1BD4  Unknown               Unknown  Unknown
adf.exe            0000000003DF19E6  Unknown               Unknown  Unknown
adf.exe            0000000003D996B6  Unknown               Unknown  Unknown
adf.exe            0000000003DA2157  Unknown               Unknown  Unknown
libpthread.so.0    000000372E40F790  Unknown               Unknown  Unknown
libc.so.6          000000372E0ACA60  Unknown               Unknown  Unknown
libc.so.6          000000372E0AC8F0  Unknown               Unknown  Unknown
adf.exe            0000000002CAAF6C  Unknown               Unknown  Unknown
adf.exe            0000000002B18A04  Unknown               Unknown  Unknown
adf.exe            00000000007907B2  Unknown               Unknown  Unknown
adf.exe            00000000015C9A26  Unknown               Unknown  Unknown
adf.exe            00000000007E7807  Unknown               Unknown  Unknown
adf.exe            00000000007DEDED  Unknown               Unknown  Unknown
adf.exe            00000000004C01F5  Unknown               Unknown  Unknown
adf.exe            0000000000408977  Unknown               Unknown  Unknown
adf.exe            000000000040883E  Unknown               Unknown  Unknown
libc.so.6          000000372E01ED5D  Unknown               Unknown  Unknown
adf.exe            0000000000408749  Unknown               Unknown  Unknown
forrtl: error (69): process interrupted (SIGINT)
Image              PC                Routine            Line        Source             
adf.exe            0000000003E57ED1  Unknown               Unknown  Unknown
adf.exe            0000000003E56387  Unknown               Unknown  Unknown
adf.exe            0000000003DF1BD4  Unknown               Unknown  Unknown
adf.exe            0000000003DF19E6  Unknown               Unknown  Unknown
adf.exe            0000000003D996B6  Unknown               Unknown  Unknown
adf.exe            0000000003DA2157  Unknown               Unknown  Unknown
libpthread.so.0    000000372E40F790  Unknown               Unknown  Unknown
libc.so.6          000000372E0ACA60  Unknown               Unknown  Unknown
libc.so.6          000000372E0AC8F0  Unknown               Unknown  Unknown
adf.exe            0000000002CAAF6C  Unknown               Unknown  Unknown
adf.exe            0000000002B18A04  Unknown               Unknown  Unknown
adf.exe            00000000007907B2  Unknown               Unknown  Unknown
adf.exe            00000000015C9A26  Unknown               Unknown  Unknown
adf.exe            00000000007E7807  Unknown               Unknown  Unknown
adf.exe            00000000007DEDED  Unknown               Unknown  Unknown
adf.exe            00000000004C01F5  Unknown               Unknown  Unknown
adf.exe            0000000000408977  Unknown               Unknown  Unknown
adf.exe            000000000040883E  Unknown               Unknown  Unknown
libc.so.6          000000372E01ED5D  Unknown               Unknown  Unknown
adf.exe            0000000000408749  Unknown               Unknown  Unknown
forrtl: error (69): process interrupted (SIGINT)
Image              PC                Routine            Line        Source             
adf.exe            0000000003E57ED1  Unknown               Unknown  Unknown
adf.exe            0000000003E56387  Unknown               Unknown  Unknown
adf.exe            0000000003DF1BD4  Unknown               Unknown  Unknown
adf.exe            0000000003DF19E6  Unknown               Unknown  Unknown
adf.exe            0000000003D996B6  Unknown               Unknown  Unknown
adf.exe            0000000003DA2157  Unknown               Unknown  Unknown
libpthread.so.0    000000372E40F790  Unknown               Unknown  Unknown
libc.so.6          000000372E0ACA60  Unknown               Unknown  Unknown
libc.so.6          000000372E0AC8F0  Unknown               Unknown  Unknown
adf.exe            0000000002CAAF6C  Unknown               Unknown  Unknown
adf.exe            0000000002B18A04  Unknown               Unknown  Unknown
adf.exe            00000000007907B2  Unknown               Unknown  Unknown
adf.exe            00000000015C9A26  Unknown               Unknown  Unknown
adf.exe            00000000007E7807  Unknown               Unknown  Unknown
adf.exe            00000000007DEDED  Unknown               Unknown  Unknown
adf.exe            00000000004C01F5  Unknown               Unknown  Unknown
adf.exe            0000000000408977  Unknown               Unknown  Unknown
adf.exe            000000000040883E  Unknown               Unknown  Unknown
libc.so.6          000000372E01ED5D  Unknown               Unknown  Unknown
adf.exe            0000000000408749  Unknown               Unknown  Unknown
forrtl: error (69): process interrupted (SIGINT)
Image              PC                Routine            Line        Source             
adf.exe            0000000003E57ED1  Unknown               Unknown  Unknown
adf.exe            0000000003E56387  Unknown               Unknown  Unknown
adf.exe            0000000003DF1BD4  Unknown               Unknown  Unknown
adf.exe            0000000003DF19E6  Unknown               Unknown  Unknown
adf.exe            0000000003D996B6  Unknown               Unknown  Unknown
adf.exe            0000000003DA2157  Unknown               Unknown  Unknown
libpthread.so.0    000000372E40F790  Unknown               Unknown  Unknown
libc.so.6          000000372E0ACA60  Unknown               Unknown  Unknown
libc.so.6          000000372E0AC8F0  Unknown               Unknown  Unknown
adf.exe            0000000002CAAF6C  Unknown               Unknown  Unknown
adf.exe            0000000002B18A04  Unknown               Unknown  Unknown
adf.exe            00000000007907B2  Unknown               Unknown  Unknown
adf.exe            00000000015C9A26  Unknown               Unknown  Unknown
adf.exe            00000000007E7807  Unknown               Unknown  Unknown
adf.exe            00000000007DEDED  Unknown               Unknown  Unknown
adf.exe            00000000004C01F5  Unknown               Unknown  Unknown
adf.exe            0000000000408977  Unknown               Unknown  Unknown
adf.exe            000000000040883E  Unknown               Unknown  Unknown
libc.so.6          000000372E01ED5D  Unknown               Unknown  Unknown
adf.exe            0000000000408749  Unknown               Unknown  Unknown
forrtl: error (69): process interrupted (SIGINT)
Image              PC                Routine            Line        Source             
adf.exe            0000000003E57ED1  Unknown               Unknown  Unknown
adf.exe            0000000003E56387  Unknown               Unknown  Unknown
adf.exe            0000000003DF1BD4  Unknown               Unknown  Unknown
adf.exe            0000000003DF19E6  Unknown               Unknown  Unknown
adf.exe            0000000003D996B6  Unknown               Unknown  Unknown
adf.exe            0000000003DA2157  Unknown               Unknown  Unknown
libpthread.so.0    000000372E40F790  Unknown               Unknown  Unknown
libc.so.6          000000372E0ACA60  Unknown               Unknown  Unknown
libc.so.6          000000372E0AC8F0  Unknown               Unknown  Unknown
adf.exe            0000000002CAAF6C  Unknown               Unknown  Unknown
adf.exe            0000000002B18A04  Unknown               Unknown  Unknown
adf.exe            00000000007907B2  Unknown               Unknown  Unknown
adf.exe            00000000015C9A26  Unknown               Unknown  Unknown
adf.exe            00000000007E7807  Unknown               Unknown  Unknown
adf.exe            00000000007DEDED  Unknown               Unknown  Unknown
adf.exe            00000000004C01F5  Unknown               Unknown  Unknown
adf.exe            0000000000408977  Unknown               Unknown  Unknown
adf.exe            000000000040883E  Unknown               Unknown  Unknown
libc.so.6          000000372E01ED5D  Unknown               Unknown  Unknown
adf.exe            0000000000408749  Unknown               Unknown  Unknown
forrtl: error (69): process interrupted (SIGINT)
Image              PC                Routine            Line        Source             
adf.exe            0000000003E57ED1  Unknown               Unknown  Unknown
adf.exe            0000000003E56387  Unknown               Unknown  Unknown
adf.exe            0000000003DF1BD4  Unknown               Unknown  Unknown
adf.exe            0000000003DF19E6  Unknown               Unknown  Unknown
adf.exe            0000000003D996B6  Unknown               Unknown  Unknown
adf.exe            0000000003DA2157  Unknown               Unknown  Unknown
libpthread.so.0    000000372E40F790  Unknown               Unknown  Unknown
libc.so.6          000000372E0ACA60  Unknown               Unknown  Unknown
libc.so.6          000000372E0AC8F0  Unknown               Unknown  Unknown
adf.exe            0000000002CAAF6C  Unknown               Unknown  Unknown
adf.exe            0000000002B18A04  Unknown               Unknown  Unknown
adf.exe            00000000007907B2  Unknown               Unknown  Unknown
adf.exe            00000000015C9A26  Unknown               Unknown  Unknown
adf.exe            00000000007E7807  Unknown               Unknown  Unknown
adf.exe            00000000007DEDED  Unknown               Unknown  Unknown
adf.exe            00000000004C01F5  Unknown               Unknown  Unknown
adf.exe            0000000000408977  Unknown               Unknown  Unknown
adf.exe            000000000040883E  Unknown               Unknown  Unknown
libc.so.6          000000372E01ED5D  Unknown               Unknown  Unknown
adf.exe            0000000000408749  Unknown               Unknown  Unknown
forrtl: error (69): process interrupted (SIGINT)
Image              PC                Routine            Line        Source             
adf.exe            0000000003E57ED1  Unknown               Unknown  Unknown
adf.exe            0000000003E56387  Unknown               Unknown  Unknown
adf.exe            0000000003DF1BD4  Unknown               Unknown  Unknown
adf.exe            0000000003DF19E6  Unknown               Unknown  Unknown
adf.exe            0000000003D996B6  Unknown               Unknown  Unknown
adf.exe            0000000003DA2157  Unknown               Unknown  Unknown
libpthread.so.0    000000372E40F790  Unknown               Unknown  Unknown
libc.so.6          000000372E0ACA60  Unknown               Unknown  Unknown
libc.so.6          000000372E0AC8F0  Unknown               Unknown  Unknown
adf.exe            0000000002CAAF6C  Unknown               Unknown  Unknown
adf.exe            0000000002B18A04  Unknown               Unknown  Unknown
adf.exe            00000000007907B2  Unknown               Unknown  Unknown
adf.exe            00000000015C9A26  Unknown               Unknown  Unknown
adf.exe            00000000007E7807  Unknown               Unknown  Unknown
adf.exe            00000000007DEDED  Unknown               Unknown  Unknown
adf.exe            00000000004C01F5  Unknown               Unknown  Unknown
adf.exe            0000000000408977  Unknown               Unknown  Unknown
adf.exe            000000000040883E  Unknown               Unknown  Unknown
libc.so.6          000000372E01ED5D  Unknown               Unknown  Unknown
adf.exe            0000000000408749  Unknown               Unknown  Unknown
